<?xml version="1.0" encoding="UTF-8"?>
<!-- Generated by org.testng.reporters.JUnitReportReporter -->
<testsuite hostname="LAPTOP-T4IQHL1C" failures="0" tests="1" name="com.ilab.selenium_Assessment.Open_Application" time="3.650" errors="0" timestamp="2022-01-31T14:59:11 SAST" skipped="0">
  <testcase classname="com.ilab.selenium_Assessment.Open_Application" name="openURL" time="3.650"/>
  <system-out/>
</testsuite> <!-- com.ilab.selenium_Assessment.Open_Application -->
